<?xml version="1.0" encoding="UTF-8"?>
<!-- Generated by org.testng.reporters.JUnitReportReporter -->
<testsuite hostname="5CG0034RSJ" failures="0" tests="1" name="ExtentReportsDemo" time="17.275" errors="0" timestamp="2022-06-10T07:38:35 IST" skipped="0">
  <testcase classname="ExtentReportsDemo" name="Demo" time="17.275"/>
  <system-out/>
</testsuite> <!-- ExtentReportsDemo -->
